<?xml version="1.0" encoding="UTF-8"?>
<!-- Generated by org.testng.reporters.JUnitReportReporter -->
<testsuite hostname="LAPTOP-S9NQ5FO6" failures="0" tests="3" name="TestCalculate" time="0.008" errors="0" timestamp="2020-06-01T09:14:01 IST" skipped="0">
  <testcase classname="TestCalculate" name="EmptyString" time="0.006"/>
  <system-out/>
  <testcase classname="TestCalculate" name="SingleString" time="0.001"/>
  <system-out/>
  <testcase classname="TestCalculate" name="TwoStringsDelimitedByCommaReturnsTheSum" time="0.001"/>
  <system-out/>
</testsuite> <!-- TestCalculate -->
