<?xml version="1.0" encoding="UTF-8"?>
<!-- Generated by org.testng.reporters.JUnitReportReporter -->
<testsuite hostname="LAPTOP-S9NQ5FO6" failures="0" tests="9" name="TestCalculate" time="0.014" errors="0" timestamp="2020-06-01T09:53:02 IST" skipped="0">
  <testcase classname="TestCalculate" name="SingleString" time="0.002"/>
  <system-out/>
  <testcase classname="TestCalculate" name="ThreeNumberDelimitedEitherWay" time="0.001"/>
  <system-out/>
  <testcase classname="TestCalculate" name="EmptyString" time="0.001"/>
  <system-out/>
  <testcase classname="TestCalculate" name="TwoStringsDelimitedByCommaReturnsTheSum" time="0.001"/>
  <system-out/>
  <testcase classname="TestCalculate" name="TheNegativeNumberReturnInTheExceptionMessage" time="0.001"/>
  <system-out/>
  <testcase classname="TestCalculate" name="IgnoreNumbersGreaterThanThousand" time="0.001"/>
  <system-out/>
  <testcase classname="TestCalculate" name="CustomDelimiter" time="0.005"/>
  <system-out/>
  <testcase classname="TestCalculate" name="NegativeNumbersThrowexception" time="0.001"/>
  <system-out/>
  <testcase classname="TestCalculate" name="TwoNumbersDelimitedByNewLineReturnsTheSum" time="0.001"/>
  <system-out/>
</testsuite> <!-- TestCalculate -->
