<?xml version="1.0" encoding="UTF-8"?>
<!-- Generated by org.testng.reporters.JUnitReportReporter -->
<testsuite hostname="LAPTOP-S9NQ5FO6" failures="0" tests="4" name="TestCalculate" time="0.007" errors="0" timestamp="2020-06-01T09:18:07 IST" skipped="0">
  <testcase classname="TestCalculate" name="EmptyString" time="0.005"/>
  <system-out/>
  <testcase classname="TestCalculate" name="SingleString" time="0.001"/>
  <system-out/>
  <testcase classname="TestCalculate" name="TwoStringsDelimitedByCommaReturnsTheSum" time="0.000"/>
  <system-out/>
  <testcase classname="TestCalculate" name="TwoNumbersDelimitedByNewLineReturnsTheSum" time="0.001"/>
  <system-out/>
</testsuite> <!-- TestCalculate -->
