<?xml version="1.0" encoding="UTF-8"?>
<!-- Generated by org.testng.reporters.JUnitReportReporter -->
<testsuite hostname="LAPTOP-S9NQ5FO6" failures="0" tests="1" name="TestCalculate" time="0.008" errors="0" timestamp="2020-06-01T08:51:42 IST" skipped="0">
  <testcase classname="TestCalculate" name="EmptyString" time="0.008"/>
  <system-out/>
</testsuite> <!-- TestCalculate -->
